HTTP/2 404 
date: Tue, 01 Jul 2025 19:40:23 GMT
content-type: application/json; charset=utf-8
status: 404 Not Found
x-ratelimit-limit: 1667
x-ratelimit-reset: 1751398837
vary: Accept,Accept-Encoding
x-ratelimit-remaining: 1667
x-intercom-version: c93c1e5b08f2e00461825ed8fadb41c2afa94091
x-request-id: 0001n4eoojq4hkhr888g
x-frame-options: SAMEORIGIN
cache-control: no-cache
strict-transport-security: max-age=31556952; includeSubDomains; preload
x-xss-protection: 1; mode=block
x-request-queueing: 0
intercom-version: 2.13
x-runtime: 0.095198
x-content-type-options: nosniff
server: nginx

{"type":"error.list","request_id":"0001n4eoojq4hkhr888g","errors":[{"code":"not_found","message":"User Not Found"}]}