HTTP/2 200 
date: Tue, 01 Jul 2025 21:35:20 GMT
content-type: application/json; charset=utf-8
status: 200 OK
x-ratelimit-limit: 1667
x-ratelimit-reset: 1751405737
vary: Accept,Accept-Encoding
x-ratelimit-remaining: 1667
x-intercom-version: c93c1e5b08f2e00461825ed8fadb41c2afa94091
x-request-id: 00043alquahcm6556n00
etag: W/"0f5ac2ba80733562607f2bd38e7a8e02"
x-frame-options: SAMEORIGIN
cache-control: max-age=0, private, must-revalidate
strict-transport-security: max-age=31556952; includeSubDomains; preload
x-xss-protection: 1; mode=block
x-request-queueing: 0
intercom-version: 2.13
x-runtime: 0.231514
x-content-type-options: nosniff
server: nginx
x-ami-version: ami-0383be8d3d2c1a283

{"type":"contact","id":"682f3c773fe6c381658c6b64","workspace_id":"ql8el0gn","external_id":"300","role":"user","email":"mark@peterei.com","phone":null,"name":"Mark-PETE","avatar":null,"owner_id":null,"social_profiles":{"type":"list","data":[]},"has_hard_bounced":false,"marked_email_as_spam":false,"unsubscribed_from_emails":false,"created_at":1747926136,"updated_at":1751404204,"signed_up_at":1747926135,"last_seen_at":1751398379,"last_replied_at":1751398397,"last_contacted_at":1751403060,"last_email_opened_at":1750779415,"last_email_clicked_at":null,"language_override":null,"browser":"chrome","browser_version":"138.0.0.0","browser_language":"en","os":"OS X 10.15.7","location":{"type":"location","country":"United States","region":"Oklahoma","city":"Yukon","country_code":"USA","continent_code":"NA"},"android_app_name":null,"android_app_version":null,"android_device":null,"android_os_version":null,"android_sdk_version":null,"android_last_seen_at":null,"ios_app_name":null,"ios_app_version":null,"ios_device":null,"ios_os_version":null,"ios_sdk_version":null,"ios_last_seen_at":null,"custom_attributes":{"WebinarConfirmed":true,"user_training_topic":"Dominate Automation"},"tags":{"type":"list","data":[{"id":"11375124","type":"tag","url":"/tags/11375124"}],"url":"/contacts/682f3c773fe6c381658c6b64/tags","total_count":1,"has_more":false},"notes":{"type":"list","data":[],"url":"/contacts/682f3c773fe6c381658c6b64/notes","total_count":0,"has_more":false},"companies":{"type":"list","data":[{"id":"68484b6258023ad7e2c8ddf1","type":"company","url":"/companies/68484b6258023ad7e2c8ddf1"},{"id":"6845540c034b0a988ae1106c","type":"company","url":"/companies/6845540c034b0a988ae1106c"},{"id":"6843571ec40619cb06ff8f64","type":"company","url":"/companies/6843571ec40619cb06ff8f64"},{"id":"6824ebeea2efb54c9b215173","type":"company","url":"/companies/6824ebeea2efb54c9b215173"},{"id":"680aaf61d88b9342b91b0617","type":"company","url":"/companies/680aaf61d88b9342b91b0617"},{"id":"67fc65a517cbf2688cbc80ac","type":"company","url":"/companies/67fc65a517cbf2688cbc80ac"},{"id":"67f5779aaaac13d4f6292bbb","type":"company","url":"/companies/67f5779aaaac13d4f6292bbb"},{"id":"67eafd41bb1639d9ebe376e5","type":"company","url":"/companies/67eafd41bb1639d9ebe376e5"},{"id":"67db162eae8df3e885a8da69","type":"company","url":"/companies/67db162eae8df3e885a8da69"},{"id":"67d83b7900d4d50d473ec5d5","type":"company","url":"/companies/67d83b7900d4d50d473ec5d5"}],"url":"/contacts/682f3c773fe6c381658c6b64/companies","total_count":25,"has_more":true},"opted_out_subscription_types":{"type":"list","data":[],"url":"/contacts/682f3c773fe6c381658c6b64/subscriptions","total_count":0,"has_more":false},"opted_in_subscription_types":{"type":"list","data":[],"url":"/contacts/682f3c773fe6c381658c6b64/subscriptions","total_count":0,"has_more":false},"utm_campaign":null,"utm_content":null,"utm_medium":null,"utm_source":null,"utm_term":null,"referrer":"https://peterei.com/","sms_consent":false,"unsubscribed_from_sms":false,"enabled_push_messaging":null}